20160420211335:[117763758]
20160420211335:[117895661, 117763751]
20160420211335:[117895661, 117763751]
20160420211335:[117455111, 117895661, 115694738]
20160420211336:[117895661, 117763758]
20160420211336:[117911070, 117089205]
20160420211336:[117911070, 115694738, 117455111, 117089205]
20160420211337:[117911070, 117089205]
20160420211338:[117895661, 117763758]
20160420211338:[117911070, 117089205]
20160420211338:[117895661, 117763751]
20160420211338:[117911070, 115694738, 117455111, 117089205]
20160420211345:-
20160420211454:[117159924]
20160420211501:-
20160420211553:-
20160420211611:[116892540]
20160420211720:-
20160420211721:-
20160420211744:-
20160420211745:[117089205]
20160420211745:[117763758]
20160420211745:[117911070, 117089205]
20160420211746:[117763758]
20160420211746:[117089205]
20160420211747:[117911070, 117089205]
20160420212010:[117159993]
20160420212045:[116892485]
20160420212046:-
20160420212118:[117846925]
20160420212122:[116679998]
20160420212226:[116892507]
20160420212442:[117159993]
20160420212516:[117349421, 116808125, 116869751, 116015789, 117436714, 117871698, 116544203, 116544213, 116693732, 116544208]
20160420212721:[117896237]
20160420212722:[117911070, 115694738, 117455111, 117089205, 117896237]
20160420212723:[116892507]
20160420212725:[115920123, 117522773, 117420613, 117825222, 117713527, 116814389, 117825260, 117848444, 116352122]
20160420212725:[117159993, 117898269]
20160420212726:[117159924, 117898280]
20160420212726:-
20160420212726:-
20160420212726:-
20160420212728:[117609794, 116402550, 116619160, 117420613, 117825222, 117713527, 116814389, 117825260, 117973793, 115920123]
20160420212729:[117590984, 115920123, 116402550, 117522773, 117420613, 117825222, 117713527, 116814389, 117825260, 117973793, 117555676]
20160420212729:-
20160420212732:-
20160420212732:[117944375, 117898257]
20160420212733:-
20160420212733:[115920123, 117522773, 117420613, 117825222, 117713527, 116814389, 117825260, 117973793, 115919238]
20160420212733:-
20160420212734:-
20160420212734:-
20160420212734:-
20160420212735:-
20160420212735:[117159993, 117898269]
20160420212735:[117414294, 117737765, 117415265, 115776576, 117813020, 115786855, 115827582, 116456917, 117751016]
20160420212735:-
20160420212736:[117846925, 117939818, 117898257]
20160420212736:-
20160420212736:-
20160420212737:[115827582, 117813020, 115723864, 115744666, 116456917, 117448970, 117751016, 117818227, 115776576]
20160420212737:[117874233, 117593596, 115786855, 115827582, 117813020, 115723864]
20160420212738:[117751148, 117821105, 117448970, 117874228, 117593596, 115786855, 115827582, 116456917]
20160420212738:[117414294, 117737765, 117415265, 117874233, 117593596, 115786855, 117751016]
20160420212739:[117414294, 117737765, 117415265, 117874228, 117593596, 115786855, 115827582, 117751016]
20160420212741:[117874233, 117593596, 115827582, 117813020, 115723864, 115744666]
20160420212742:[117414294, 115715211, 117415265, 117874233, 117167324, 117593596]
20160420212742:[117414294, 117737765, 117415265, 117360087, 116947297, 115776576, 115786855, 115827582]
20160420212742:[117874228, 117593596, 115786855, 115827582, 117813020, 115723864, 115744666]
20160420212743:[117414294, 117737765, 117415265, 117421125, 115776576, 117874228, 117593596, 115786855, 117751016]
20160420212743:[117167324, 115785914, 115776576, 117638993, 117874233, 117593596, 117751148]
20160420212743:[117414294, 115715211, 117415265, 117874228, 117593596, 115786855, 115827582, 117751016]
20160420212751:-
20160420212751:-
20160420212753:-
20160420212753:[116679998]
20160420212802:-
20160420212803:-
20160420212804:-
20160420212804:-
20160420212823:-
20160420212823:-
20160420212928:-
20160420212928:-
20160420212939:-
20160420212939:-
20160420212944:-
20160420212944:-
20160420213009:-
20160420213009:-
20160420213015:-
20160420213015:-
20160420213036:-
20160420213037:-
20160420213040:[117775912, 117509214, 116313046]
20160420213125:[117860323, 117739343]
20160420213131:[115920123, 117522773, 116402550]
20160420213134:[117159993]
20160420213149:[116313046, 117896237]
20160420213201:[115920123, 116352122]
20160420213305:[117896237, 116313046]
20160420213306:[117911070, 116313046, 115694738, 117455111, 117896237]
20160420213306:[117896237, 116313046]
20160420213306:[116313046, 117896237]
20160420213306:-
20160420213306:[117911070, 117896237, 116313046]
20160420213307:-
20160420213307:[117911070, 116313046, 117896237]
20160420213308:[117911070, 117896237, 116313046]
20160420213308:[117911070, 115694738, 117455111, 117896237, 116313046]
20160420213308:[117896237, 116313046]
20160420213308:[115694738, 117455111]
20160420213308:[116313046, 117896237]
20160420213308:[115694738, 117455111]
20160420213327:[116892507]
20160420213443:[117349421, 117853812]
20160420213637:[117159859, 117846932]
20160420213647:-
20160420213705:-
20160420213714:-
20160420213912:-
20160420213913:[117896237, 116313046]
20160420213914:[117896237, 116313046]
20160420213915:-
20160420213916:[117896237, 116313046]
20160420213916:[117911070, 117896237, 116313046]
20160420213916:[117911070, 116313046, 117896237]
20160420213916:[116313046, 117896237]
20160420213917:[117911070, 116313046, 117896237]
20160420213931:-
20160420213957:[117896237, 116313046]
20160420213957:[117911070, 117455111, 117896237, 116313046]
20160420213959:[117911070, 117455111, 117896237, 116313046]
20160420214222:[117896237, 116313046]
20160420214326:[117414294, 117737765, 117415265, 116947297, 117167324, 115776576, 117421125, 115786855]
20160420214326:-
20160420214326:[117414294, 115715211, 117415265, 117421125, 115776576, 117360087, 117751148, 115786855, 117448970]
20160420214326:-
20160420214326:[117414294, 115715211, 117415265, 117421125, 117751016, 115785914, 115782456, 117448970]
20160420214326:-
20160420214327:-
20160420214327:-
20160420214327:-
20160420214327:[117898288, 117898257]
20160420214327:-
20160420214327:-
20160420214328:-
20160420214328:[115786855, 117813020, 115723864, 115744666, 117448970, 117751148, 115782456, 115776576]
20160420214328:[116947292, 115776576, 117421125, 117813020, 115723864, 115744666, 117448970, 117360087]
20160420214329:[117159859]
20160420214329:[117414294, 115715211, 117415265, 116947292, 117638993, 117360087, 117421125, 115776576, 117751016]
20160420214329:-
20160420214329:-
20160420214329:-
20160420214329:[117751148, 115782446, 117421125, 117167324, 115776576, 117593596, 117638993, 115785914]
20160420214330:[117414294, 115715211, 117415265, 117821105, 116947292, 115776576, 115786855, 117813020]
20160420214330:[117414294, 117737765, 117415265, 116947292, 117874233, 117593596, 115776576]
20160420214330:[117414294, 115715211, 117415265, 117421125, 117638993, 115785914, 117167324, 115776576]
20160420214330:-
20160420214330:[117159859, 117898269]
20160420214330:[117638993, 117813020, 115723864, 115744666, 117448970, 116947297, 117421125, 115776576]
20160420214331:[117414294, 115715211, 117415265, 115776576, 116947297, 117421125, 117638993, 115786855, 117751148]
20160420214331:-
20160420214515:-
20160420214515:-
20160420214536:[117349421, 117840271, 116869751, 117715223, 117334102, 117498672, 117498660, 116808125, 117499334, 116502506, 117554422, 117711239]
20160420214541:[117349421, 116869751, 116808125, 116544213, 117871698, 116693732, 116544203, 116015789, 116544208, 117436714]
20160420214645:[117159993, 117898280]
20160420214645:[117159924, 117846932]
20160420214704:-
20160420214704:-
20160420214746:[116892540]
20160420214749:[116892540]
20160420214809:[117159924]
20160420214922:-
20160420214928:-
20160420215102:-
20160420215102:-
20160420215108:[116313046]
20160420215108:[117911070]
20160420215114:[117911070]
20160420215114:-
20160420215114:-
20160420215114:[116313046]
20160420215114:[116313046]
20160420215114:-
20160420215115:[116313046]
20160420215115:[117455111]
20160420215116:[116313046]
20160420215116:[117911070]
20160420215116:[117911070]
20160420215116:[117455111]
20160420215116:-
20160420215116:[116313046]
20160420215117:[116313046]
20160420215205:[117860323]
20160420215221:[117159859, 117846932]
20160420215225:[117159859]
20160420215310:-
20160420215310:-
20160420215327:-
20160420215328:-
20160420215329:[116407964, 117212878, 117003158, 117825222, 116814389, 117713527, 117825260, 117848444, 117555676]
20160420215329:-
20160420215347:[116407964, 115971775, 117825222, 116814389, 117713527, 117825260, 117848444, 117212878]
20160420215355:[117436006, 116313046]
20160420215358:[117911070, 117436006, 116313046, 117455111]
20160420215414:-
20160420215418:[117846925]
20160420215459:[117414294, 117737765, 117415265, 115776576, 117751016, 117448970, 115786855, 117421125]
20160420215500:[117414294, 115715211, 117415265, 115782456, 115785914, 117421125, 115776576]
20160420215501:[117414294, 117737765, 117415265, 116947292, 115776576, 117360087, 117421125, 117751148]
20160420215501:[117414294, 117737765, 117415265, 115776576, 116947297, 117360087, 117421125, 117751016]
20160420215501:[117414294, 117737765, 117415265, 117360087, 115785914, 115776576, 116947297]
20160420215501:[117414294, 117737765, 117415265, 117448970, 117751016, 115744666, 117813020]
20160420215501:[117414294, 117737765, 117415265, 116947297, 117874228, 117593596, 117751016]
20160420215501:-
20160420215501:[117414294, 115715211, 117415265, 117874233, 117593596, 117751148]
20160420215501:[117414294, 117737765, 117415265, 115776576, 117421125, 117360087, 115786855, 117751148]
20160420215502:[117414294, 117737765, 117415265, 117874233, 117593596, 117751148]
20160420215502:[117414294, 115715211, 117415265, 117421125, 116947292, 115776576, 115786855, 117751148]
20160420215502:[117414294, 115715211, 117415265, 115785914, 117448970, 115786855, 115776576]
20160420215502:[117414294, 115715211, 117415265, 117360087, 115776576, 115785914, 115723864]
20160420215502:[117414294, 117737765, 117415265, 117421125, 116947297, 115776576, 115786855, 117751148]
20160420215502:[117414294, 115715211, 117415265, 117360087, 115776576, 116947292, 117751016, 117421125]
20160420215503:[117414294, 117737765, 117415265, 117874228, 117593596, 115786855, 117751016]
20160420215503:[117414294, 117737765, 117415265, 115776576, 117421125, 117751148, 117448970, 115786855]
20160420215503:[117414294, 115715211, 117415265, 117167324, 117421125, 115785914, 117751148]
20160420215503:[117414294, 117737765, 117415265, 117874233, 115785914, 117751148]
20160420215503:[117414294, 117737765, 117415265, 115782446, 116947292, 117421125, 115776576]
20160420215503:[117414294, 115715211, 117415265, 116947292, 115786855, 117813020, 115776576]
20160420215503:[117414294, 117737765, 117415265, 115785914, 116947292, 117751148, 117593596]
20160420215504:[117414294, 115715211, 117415265, 117421125, 115786855, 117448970, 117751148, 115776576]
20160420215504:[117414294, 117821105, 117737765, 117415265, 116947297, 117751016, 115744666]
20160420215504:[117414294, 115715211, 117415265, 116947292, 115786855, 117813020, 117751016]
20160420215504:[117414294, 117737765, 117415265, 117421125, 115776576, 116947297, 117751016, 115786855]
20160420215504:[117414294, 117737765, 117415265, 117751148, 117821105, 115785914, 115776576]
20160420215504:[117414294, 115715211, 117415265, 117360087, 115776576, 115785914, 117421125, 117751148]
20160420215504:[117414294, 115715211, 117415265, 117421125, 115776576, 116947292, 115786855, 117751148]
20160420215504:[117414294, 115715211, 117415265, 116947292, 117821105, 117751148, 115786855]
20160420215505:[117414294, 117737765, 117415265, 115776576, 117421125, 117360087, 115786855, 117751148]
20160420215505:[117414294, 115715211, 117415265, 117874228, 117593596, 115786855, 117751016]
20160420215505:-
20160420215505:[117414294, 115715211, 117415265, 117874228, 117593596, 115786855, 117751016]
20160420215505:[117414294, 117737765, 117415265, 117360087, 115776576, 116947292, 117751148, 117421125]
20160420215505:[117414294, 117737765, 117415265, 117751016, 117421125, 115776576, 116947292, 115786855]
20160420215505:[117414294, 115715211, 117415265, 117874233, 117593596, 117751016]
20160420215506:[117414294, 115715211, 117415265, 117874228, 117593596, 115786855, 117751148]
20160420215507:[117844717, 116922579]
20160420215509:[117414294, 115715211, 117415265, 115786855, 117813020, 115723864, 117751016]
20160420215545:[117159924]
20160420215605:[116892540]
20160420215613:[116892507]
20160420215753:[117846925]
20160420215824:-
20160420220054:[117904856, 117895651, 117749486]
20160420220054:[117911427, 117749486, 117904856, 117895642, 117895651]
20160420220054:[117911427, 117957821, 117749486, 117904856, 117895642, 117895651]
20160420220059:[117911427, 117749486, 117904856, 117895642, 117895651, 116313046]
20160420220059:[117911427, 117749486, 117904856, 117895642, 117895651, 116313046]
20160420220059:[117911427, 117749486, 117904856, 117895642, 117895651, 117916739]
20160420220100:[117911427, 117749486, 117904856, 117895642, 117895651, 116313046]
20160420220100:[117911427, 117957821, 117749486, 117904856, 117895642, 117895651]
20160420220100:[117911427, 117749486, 117904856, 117895642, 117895651, 116313046]
20160420220100:[117904856, 117895651, 117749486]
20160420220100:[117911427, 117749486, 117904856, 117895642, 117895651, 116313046]
20160420220100:[117911427, 117749486, 117904856, 117895642, 117895651]
20160420220101:[117911427, 117749486, 117904856, 117895642, 117895651, 117916739]
20160420220102:[117904856, 117895651, 117749486]
20160420220104:[117846932]
20160420220318:[116892507]
20160420220605:[117749486, 117895642, 117812963, 117895651, 117895661, 116313046]
20160420220605:[117812963, 117895651, 117895661, 117749486, 117455111]
20160420220608:[117911070, 117744596, 117749486, 117895642, 117812963, 117895651, 117455111, 116313046]
20160420220613:-
20160420220638:[117840271, 117349421, 116869751, 117715277, 117334102, 117498672, 116502506, 117498660, 116808125, 117499334, 117554422, 117711239]
20160420220639:[117349421, 116869751, 116808125, 117871698, 116544208, 117436714, 116693732, 116544213, 116544203, 116015789]
20160420220729:-
20160420220730:-
20160420220854:-
20160420220932:-
20160420220932:-
20160420220948:[117895651, 117749486]
20160420220948:[117895651, 117749486]
20160420220948:[117911070, 116313046, 117749486, 117664348]
20160420220949:[116313046, 117749486, 117664348, 117895651, 117916739]
20160420220950:[117749486, 116313046, 117664348]
20160420220950:[117911070, 116313046, 117749486, 117664348]
20160420220957:-
20160420220957:-
20160420221054:-
20160420221059:[117812170, 117749486, 117664348, 116313046]
20160420221059:[117812170, 117749486, 117664348, 116313046]
20160420221100:[117804593, 117749486, 117664348, 116313046]
20160420221100:[117749486, 117664348, 116313046]
20160420221101:[117749486, 117664348, 116313046]
20160420221120:[117812170, 117749486]
20160420221146:[116679998]
20160420221231:[117435326, 116922579]
20160420221321:[116892485]
20160420221332:[117414294, 117737765, 117415265, 115723864, 115785914, 117821105, 115776576, 117593596]
20160420221333:[117414294, 117737765, 117415265, 116947297, 115723864, 117821105, 115786855, 117751016]
20160420221335:[117414294, 117737765, 117415265, 117874228, 117593596, 115786855, 115723864, 117751016]
20160420221447:[117749486]
20160420221611:[116892540]
20160420221810:-
20160420222023:[117706311, 117208041, 117825222, 117791281, 116773002]
20160420222158:-
20160420222159:[117436006, 117696184, 117749486, 117664348, 116313046]
20160420222159:[116313046, 117696184, 117749486, 117664348]
20160420222159:[117208041, 116773002]
20160420222159:[117436006, 117696184, 117749486, 117664348]
20160420222159:[117436006, 117696184, 117749486, 117664348, 116313046]
20160420222201:-
20160420222201:[117436006, 117696184, 117749486, 117664348, 116313046]
20160420222201:[117696184, 117749486, 117664348, 116313046]
20160420222219:[117159993, 117846932]
20160420222310:[117846932]
20160420222316:[117348353, 117911320]
20160420222316:[117435326, 116520282]
20160420222352:[117840271, 111834090]
20160420222413:[116679998]
20160420222417:[117349421, 117853812]
20160420222538:[117159859, 117898269]
20160420222538:-
20160420222538:-
20160420222539:-
20160420222540:-
20160420222540:-
20160420222540:[117846932, 117898288, 117914037]
20160420222540:-
20160420222540:-
20160420222544:-
20160420222544:-
20160420222546:-
20160420222619:[117812170, 117749486, 117664348, 117696205, 117696184, 116313046]
20160420222619:[117696205]
20160420222619:[117812170, 117696205]
20160420222620:[117812170, 117749486, 117664348, 117696205, 117696184, 116313046]
20160420222621:[117749486, 117664348, 117696205, 117696184, 116313046]
20160420222621:[117749486, 117664348, 117696205, 116313046]
20160420222621:[117812170, 117749486, 117664348, 117696205, 117696184, 116313046]
20160420222625:[117840271, 117349421, 117715223, 116869751, 117498672, 117334102, 116502506, 116808125, 117499334, 117498660, 117526147, 117815645]
20160420222627:[117840271, 117349421, 117715277, 117334102, 116869751, 116808125, 117499334, 117498660, 116502506, 117554422, 117815645, 117711239]
20160420222633:[117159993, 117898269]
20160420222633:[117846925]
20160420222638:-
20160420222638:-
20160420222657:[117159924, 117898280]
20160420222657:[117159924, 117846925]
20160420222706:[117509214, 117749486, 117664348, 117696205, 115293515, 116313046]
20160420222707:[117509214, 117749486, 117664348, 117696205, 115293515, 116313046]
20160420222807:[115786855, 115782446, 117421125, 115776576, 116947292, 117167324]
20160420222809:[115785914, 117421125, 115782456, 117874233, 117167324, 115776576]
20160420222810:[116947292, 117821105, 115782446, 115785914, 115776576, 117167324]
20160420222824:-
20160420222825:-
20160420222825:-
20160420222825:-
20160420223012:[117840301, 117348353, 116870636, 117715097, 116502585, 117334102, 117498677, 117498815, 117498682, 117556169, 117815741, 117711245]
20160420223013:[117840301, 117942233]
20160420223032:[117696184]
20160420223121:[117348353, 111834090]
20160420223157:[117914282]
20160420223222:-
20160420223416:[117167324]
20160420223417:[117167324]
20160420223418:[117167324]
20160420223418:[117167324]
20160420223752:[117696184]
20160420223752:[116313046, 117696184]
20160420223752:-
20160420223753:[117696184, 116313046]
20160420223754:-
20160420223754:[117696184, 116313046]
20160420223756:[117696184, 116313046]
20160420223915:[111057070]
20160420223915:[111057070]
20160420223915:[111057070]
20160420223915:[111057070]
20160420223915:[111057070]
20160420223915:[111057070]
20160420223916:[110952560]
20160420223916:[110952560]
20160420223916:[110952560]
20160420223916:[110952560]
20160420223916:[110952560]
20160420223916:[110952560]
20160420223916:[110952560]
20160420223916:[110952560]
20160420223916:[110952560]
20160420223916:[110952560]
20160420223916:[110952560]
20160420223916:[110952560]
20160420223916:[110952560]
20160420223916:[110952560]
20160420223916:[110952560]
20160420223916:[110952560]
20160420223916:[110952560]
20160420223916:[110952560]
20160420223916:[110952560]
20160420224005:[116015713]
20160420224332:[117414294, 117737765, 117415265, 115785914, 115776576, 116947292, 117167324, 117421125]
20160420224333:[117414294, 117737765, 117415265, 117874233, 117593596, 115786855, 115776576]
20160420224335:[117414294, 115715211, 117415265, 115785914, 115782456, 117421125, 115776576, 115723864]
20160420224558:-
20160420224627:-
20160420224703:-
20160420224740:[117840301, 117348353, 116870636, 117715263, 117334102, 117498815, 117498677, 117498682, 116502585, 116808161, 117556169, 117711245]
20160420224744:[117349421, 117715223, 116869751, 117334102, 117498660, 116502506, 117498672, 116808125, 117499334, 117554422, 116459498, 117815645]
20160420224746:[117349421, 117334102, 116869751, 116502506, 117499334, 116808125, 117498660, 117554422, 117815645, 117711239, 116459498, 117547401]
20160420224748:[117436714, 116544185, 116015713, 116693743, 116544180, 117871665, 116544192]
20160420224816:-
20160420224823:[117911070, 114743764, 117696205, 116313046]
20160420224825:[114743764, 117840028, 117696205, 116313046]
20160420224937:[117167324]
20160420225032:[117159924]
20160420225042:[117159924]
20160420225043:[117159859]
20160420225130:-
20160420225131:[116313046]
20160420225132:-
20160420225132:[116313046]
20160420225133:[116313046]
20160420225133:-
20160420225133:[116313046]
20160420225145:-
20160420225441:[117846925]
20160420225846:[117448774, 116354062, 117784550, 116814389, 117852989]
20160420230243:[117744596, 117804181, 117942857, 117498178, 117900918, 113580889, 117718362, 117763763]
20160420230245:[117942857, 115535535, 117900918]
20160420230245:[117744596, 117804181, 117942857, 117498178, 117900918, 113580889, 117718362, 117763763]
20160420230246:[117498178, 117900918]
20160420230248:[117916739, 117804181, 117498178, 117900918, 117718362, 117763763]
20160420230249:[117804181, 117498178, 117900918, 113580889, 117718362, 117763763]
20160420230249:[117804181, 117498178, 117900918, 113580889, 117718362, 117763763]
20160420230325:[117349421, 116869751, 117499334, 116502506, 116808125, 117815645, 117554422, 117711239, 116459498, 117895635, 116693732]
20160420230439:[117846932, 117159924]
20160420230649:[117167324]
20160420230653:[117167324]
20160420230842:-
20160420231046:[117414294, 115715211, 117415265, 115776576, 115785914, 117421125, 117167324, 115786855]
20160420231046:[117414294, 117737765, 117415265, 117874228, 117593596, 115786855, 115723864, 115776576]
20160420231048:[117414294, 117737765, 117415265, 115809362, 117167324, 115776576, 117421125, 115785914]
20160420231148:[116892710, 116338697, 117804181, 117711919, 117900918, 117718362, 117705226, 117696205, -1, 117763763]
20160420231149:[116338697, -1, 117711919, 117455111, 117900918, 113580889, 117705226, 117696205]
20160420231151:[117911070, 116338697, 117804181, 117711919, 117900918, 117718362, 117705226, 117696205, 117763763, -1]
20160420231220:[117414294, 117737765, 117415265, 115723864, 115785914, 117421125, 117167324, 115776576]
20160420231402:-
20160420231403:[117718362]
20160420231403:[117718362]
20160420231404:[117718362]
20160420231404:[117718362]
20160420231405:[117718362]
20160420231409:-
20160420231409:-
20160420231409:-
20160420231409:-
20160420231409:-
20160420231409:-
20160420231409:-
20160420231409:-
20160420231409:-
20160420231409:-
20160420231730:[116892710, 117509214, 116248400, 117763763, 116675291, 113580889, 117718885, 113248138]
20160420231838:[117846925]
20160420232007:[117159993]
20160420232023:[117609794, 115919238, 115985894, 117420613, 117825222, 117713527, 117791281, 116814389, 117825260, 117848444, 115920123]
20160420232024:[117186333, 115920123, 115919238, 115985894, 117420613, 117825222, 117713527, 117791281, 116814389, 117825260, 117973793, 117609794]
20160420232251:[117840301, 117348353, 117715097, 116870636, 117498677, 116502585, 116808161, 117498682, 117498815, 117556169, 117815741, 117711245]
20160420232252:[117348353, 114024365]
20160420232427:[116947292, 115809362, 117874233, 117593596, 115723864, 117821105]
20160420232428:[117821105, 116947292, 115782446, 117874233, 117593596]
20160420232430:[115809362, 115785914, 115782456, 117421125, 117167324, 116947297]
20160420232902:[117593596, 115809362, 115782456, 117821105, 116947292, 115776576]
20160420232905:-
20160420233029:-
20160420233039:-
20160420233040:[117509214]
20160420233040:[117509214]
20160420233040:-
20160420233041:[117509214]
20160420233042:[117509214]
20160420233219:[116693645, 116338697, 117455111, 113580889, 117705226]
20160420233219:[116892710, 116338697, 117916739, 117900918, 117705226]
20160420233222:[117911070, 116693645, 117776511, 116338697, 116313046, 117455111]
20160420233536:[117159859, 117846932]
20160420233839:[117167324]
20160420233857:[117671205]
20160420234137:[117414294, 117737765, 117415265, 117874228, 117593596, 116947297, 115785914, 115776576]
20160420234139:[117414294, 115715211, 117415265, 116947292, 117874228, 117167324, 117593596]
20160420234142:[117414294, 117737765, 117415265, 115782456, 115785914, 117421125, 115776576]
20160420234437:-
20160420234525:[117414294, 117737765, 117874228, 117593596, 117415265, 115785914, 116947292, 115776576]
20160420234842:[117509214]
20160420234842:[116468821, 117987273, 117696184, 116313046]
20160420234843:[117509214]
20160420234843:[117509214]
20160420234844:[117509214]
